20240314	00:50:18	66322e2c-1831-4c77-aab5-d33688949165	GET	/api/profile	undefined
20240314	00:50:18	b9253253-4580-40cc-827f-943557269887	GET	/favicon.ico	undefined
20240314	00:50:22	fca58f2d-b6d4-402c-b31c-ee449e49458e	GET	/api/profile	undefined
20240314	01:49:18	ce457667-3528-489f-b1ed-47025ee5780f	GET	/api/profile	undefined
20240314	01:49:52	e9609639-dc3d-4960-8bb0-860c0ae9f70b	GET	/api/profile	undefined
20240314	01:49:55	621b0bf2-1f11-4203-a778-c3b73cdc0310	GET	/api/profile	undefined
20240314	01:49:55	48b36fbc-164e-4d5e-9380-2e3631069370	GET	/api/profile	undefined
20240314	01:50:26	a90a3f6f-01d4-4050-887a-aa3ddfde49f9	GET	/api/profile	undefined
20240314	01:50:26	3903c017-6b1e-4373-b69c-42800c530ad3	GET	/api/profile	undefined
20240314	01:51:27	f4d87e94-3e88-4107-948f-da71c0605354	GET	/api/profile	undefined
20240314	01:51:30	e4a8a5f7-6d65-4e10-a539-51c41b243296	GET	/api/profile	undefined
20240314	01:51:30	18605fd7-a9d3-4144-bc6a-808fc12a5c2c	GET	/api/profile	undefined
20240314	01:51:49	4f3b7b61-520e-4f3e-a365-a718c911837b	GET	/api/profile	undefined
20240314	01:51:53	da1895f1-7cdc-46d2-a47a-1f8a6260a371	GET	/api/profile	undefined
20240314	01:51:53	e015d136-3efd-438f-8fe1-63f872a146aa	GET	/api/profile	undefined
20240314	01:52:08	288d9d5b-d2b4-4a03-b3fd-cbc4487f5dcf	GET	/api/profile	undefined
20240314	01:52:12	cb608753-60ba-4042-8008-4f39cc75973f	GET	/api/profile	undefined
20240314	01:52:12	26f3e33c-6c56-4b27-9580-f29d76b88f54	GET	/api/profile	undefined
20240314	01:52:24	789ff067-7be9-45f0-8f79-65d95691d08f	GET	/api/profile	undefined
20240314	01:52:26	6b183ba3-0719-4d0f-be36-e851c37b369c	GET	/api/profile	undefined
20240314	01:52:26	e05d4abf-fa2d-4b83-813c-55a2a2bcdfbb	GET	/api/profile	undefined
20240314	01:52:37	a3a8a6cb-129f-4ca7-a3ef-3c9bc503aaea	GET	/api/profile	undefined
20240314	01:52:55	9dfa64a7-6e7c-4b1d-845f-8ec9bd3dca21	GET	/api/profile	undefined
20240314	01:52:56	204ac650-acca-4e91-b5c2-ce576d59c3ef	GET	/api/profile	undefined
20240314	01:52:56	4d1524a5-549c-4b82-888c-9a46d7b7a776	GET	/api/profile	undefined
20240314	01:53:13	6407d2ef-e092-49ba-afe4-33a064f33ea9	GET	/api/profile	undefined
20240314	01:53:36	34ac3e7f-a6e5-4763-b142-6cd8b4b1baa8	GET	/api/profile	undefined
20240314	01:53:36	cd120b2b-dcd0-4c03-b37a-27ae32f7e2cd	GET	/api/profile	undefined
20240314	01:54:08	807a883b-0eb9-4888-b3a4-d82302830f4f	GET	/api/profile	undefined
20240314	01:54:09	0248324a-edf8-42cd-8cb8-d9765e6be0b0	GET	/api/profile	undefined
20240314	01:54:09	dfe81d6c-c9f0-4914-bb5a-5c0fc075a5fa	GET	/api/profile	undefined
20240314	01:54:19	f352fed2-f829-4eeb-8a5b-43c7656e1a6b	GET	/api/profile	undefined
20240314	01:54:19	bafeaa38-f7ab-4c6e-8653-39216a62fc5d	GET	/api/profile	undefined
20240314	01:54:33	9a741f8e-2613-4e17-874e-d563746a02bf	GET	/api/profile	undefined
20240314	01:54:45	e4db543b-ad7e-4ba6-9a99-1dcd22148a42	GET	/api/profile	undefined
20240314	01:54:56	23492c24-7b67-4432-a578-7ad367b9cd36	GET	/api/profile	undefined
20240314	01:55:06	cd200ef5-b96a-4f32-ba21-09061d5974c5	GET	/api/profile	undefined
20240314	01:55:21	bd83a6fc-f848-49af-923a-d33b78e56319	GET	/api/profile	undefined
20240314	01:55:49	170669e1-c3a3-4005-91d7-00a3e9c3e770	GET	/api/profile	undefined
20240314	01:56:13	b3485369-4f4d-46d6-9d16-5b3ed092b7b1	GET	/api/profile	undefined
20240314	02:02:38	11e4fcdd-411f-44ee-9ee6-03229e792a59	GET	/api/profile	undefined
20240314	02:02:38	d41f1277-cdd3-4220-b3a0-83e96eb13447	GET	/api/profile	undefined
20240314	02:02:54	0704b7c4-1ae2-49c0-8201-c29eb1c99de6	GET	/api/profile	undefined
20240314	02:05:10	0b0aac0d-9948-43e0-8fbc-649cb1ea22d6	GET	/api/profile	undefined
20240314	02:05:10	bebadac8-c821-4380-9cb4-ec6936694942	GET	/api/profile	undefined
20240314	02:05:10	509b3fef-049e-4e19-9a77-c55a7be5d753	GET	/api/profile	undefined
20240314	02:05:10	479f9866-eb6d-472a-844d-db2baf556d36	GET	/api/profile	undefined
20240314	02:05:32	1e272172-ddc0-4613-8966-f5c2f7a290a2	GET	/api/profile	undefined
20240314	02:05:32	073698c6-0037-4ab8-9706-e7934f6a20a6	GET	/api/profile	undefined
20240314	02:05:33	b2771b97-7d2a-4998-abfd-cc64e703043b	GET	/api/profile	undefined
20240314	02:05:33	698ec62c-75e5-43b4-912a-c9d65fe6648c	GET	/api/profile	undefined
20240314	02:05:42	1158c0aa-46fd-44ca-b7a4-080fb3d7504d	GET	/api/profile	undefined
20240314	02:05:42	588509d8-bf3d-47b5-8576-02f0e2366766	GET	/api/profile	undefined
20240314	02:05:42	c1e758a9-c72e-46fc-8e56-1ec653a2dea8	GET	/api/profile	undefined
20240314	02:05:42	7c193975-ad75-44bc-844d-b4446927a26e	GET	/api/profile	undefined
20240314	02:05:54	c951433a-9ef9-4a2c-9dea-8d0f577fb5f4	GET	/api/profile	undefined
20240314	02:05:55	8547a3e2-dd89-48c7-b0ae-298a8f50b1f3	GET	/api/profile	undefined
20240314	02:06:18	1e4b1ded-4f44-4b03-99d8-4fcf0ffde630	GET	/api/profile	undefined
20240314	02:06:19	3bf1ab39-8e85-4cd5-974f-8fca351fe6e6	GET	/api/profile	undefined
20240314	02:06:27	3c6fa833-5cdc-4c3a-9d4d-b4910e6d21c2	GET	/api/profile	undefined
20240314	02:06:28	5d5fe960-14cd-4a46-a7fb-cac8d287b0ba	GET	/api/profile	undefined
20240314	02:06:35	ff975f72-d43c-48c6-af8d-baa9bbcf2edd	GET	/api/profile	undefined
20240314	02:06:36	c28df96a-097f-40ad-a6c4-9c397a53cbbd	GET	/api/profile	undefined
20240314	02:06:47	27fe0f62-8a61-4e92-93e5-54f77a9d4d72	GET	/api/profile	undefined
20240314	02:06:54	cb769f24-5329-40ca-adeb-5663c3766f19	GET	/api/profile	undefined
20240314	02:06:54	9449fa84-e860-4f54-9f71-c3f450e724db	GET	/api/profile	undefined
20240314	02:06:55	5cf448cb-eac4-4d66-9595-670e092fdb79	GET	/api/profile	undefined
20240314	02:07:04	e382b3e9-aa33-446b-acee-ce0af7a38969	GET	/api/profile	undefined
20240314	02:07:05	ccbe233b-ecbc-4701-a9ff-2c6e3a3bbe66	GET	/api/profile	undefined
20240314	02:09:09	5b9bf1f0-4f56-44dc-bd7c-37e65fe44f34	GET	/api/profile	undefined
20240314	02:09:09	a0574ab5-42e7-40a9-97f2-6a98de0e57eb	GET	/api/profile	undefined
20240314	02:09:09	033ce0f1-558d-410d-b02f-32c7da4117dc	GET	/api/profile	undefined
20240314	02:09:09	40108c8e-8732-42a9-88be-af2c508e8a1b	GET	/api/profile	undefined
20240314	02:09:15	184614b2-57d6-4ea1-9332-1dc7bb5c962f	GET	/api/profile	undefined
20240314	02:09:15	95deb595-e296-4293-90d9-5ad19ab3a808	GET	/api/profile	undefined
20240314	02:09:18	2612def0-cd2b-40f7-841a-36999c419364	GET	/api/profile	undefined
20240314	02:09:19	b0755d5b-58d3-4d57-8ad1-9867c252e743	GET	/api/profile	undefined
20240314	02:09:25	59da82a5-54c7-473f-98f9-2a402e3aca14	GET	/api/profile	undefined
20240314	02:09:26	734416e4-2ee8-4211-a09e-a9dd6ae4b6c8	GET	/api/profile	undefined
20240314	02:09:35	3c635342-3303-4fc1-a571-b4241cfefe10	GET	/api/profile	undefined
20240314	02:09:36	8410c6b8-efce-4437-99ea-3ddfc75a2d5c	GET	/api/profile	undefined
20240314	02:09:41	71038724-0174-4e56-b3c0-f351b98fc444	GET	/api/profile	undefined
20240314	02:09:42	1f01dfd1-2431-4b53-8afd-268659cfd48f	GET	/api/profile	undefined
20240314	02:10:16	067054bb-fc99-4a44-9938-3ca7091b6eb9	GET	/api/profile	undefined
20240314	02:10:17	0655e05f-44d4-412a-ac8c-26eb9d8e40d1	GET	/api/profile	undefined
20240314	02:10:33	acd083bb-2b80-4f75-aced-426a337cd16b	GET	/api/profile	undefined
20240314	02:10:34	ae52aabe-5b6f-48b7-b7b2-67b87bd2c8a2	GET	/api/profile	undefined
20240314	02:11:36	6871018d-fbb5-4341-a669-692f31d0204d	GET	/api/profile	undefined
20240314	02:11:36	7081c77a-8838-4e58-8bc8-82110ee64f44	GET	/api/profile	undefined
20240314	02:11:36	681fcabd-e20f-4ba2-9978-fcfd365d4c4c	GET	/api/profile	undefined
20240314	02:11:36	2af1a481-a85b-460b-978d-06a83578b926	GET	/api/profile	undefined
20240314	02:11:38	d6ef4e5e-5f7a-47e9-b8da-17b1d16b0183	GET	/api/profile	undefined
20240314	02:11:38	1b1cb9ff-3bb2-4e26-8585-66344ac329df	GET	/api/profile	undefined
20240314	02:14:02	7e00d1e1-17b8-49c1-8e28-6c3e63048e08	GET	/api/profile	undefined
20240314	02:14:02	aceb54eb-f618-4068-8828-0b03d6133df5	GET	/favicon.ico	undefined
20240314	02:14:37	bb06414a-f80c-4329-9eec-d8854dfb6f9f	GET	/api/profile	undefined
20240314	02:14:37	31a6cd93-0da3-4fd7-bcaa-e110573b36dc	GET	/api/profile	undefined
20240314	02:14:37	d703ee65-58d8-4247-9c97-04e4aa554593	GET	/api/profile	undefined
20240314	02:14:37	e6d2931b-65dd-4ccf-bff3-33436b6d69e1	GET	/api/profile	undefined
20240314	02:14:53	f22ea49f-f763-4428-80f0-19ec46f123c9	GET	/api/profile	undefined
20240314	02:14:54	df1c5aa5-bda1-45af-ac8b-e2f50ca144fa	GET	/api/profile	undefined
20240314	02:14:57	f33fc8a3-da1c-4679-94dd-a3a41c415d63	GET	/api/profile	undefined
20240314	02:14:58	bcf7fc0d-2f35-464c-9416-6e9b8aed5803	GET	/api/profile	undefined
20240314	02:15:08	225999f8-2993-428d-9549-a5c068a86c5c	GET	/api/profile	undefined
20240314	02:15:08	9a28730d-56d2-4bfa-9d3c-4b4401b3cd38	GET	/api/profile	undefined
20240314	02:15:09	6861fd19-e39a-4b30-9b55-bbd92e548ac3	GET	/api/profile	undefined
20240314	02:15:17	e2e9daf4-1a4d-4cb9-a300-f3651fe6b76d	GET	/api/profile	undefined
20240314	02:15:18	ab445eed-451e-4f71-99d4-548f91ef9f79	GET	/api/profile	undefined
20240314	02:15:23	4fb0cc69-ee4e-4a2c-aad2-f752e4cca7c0	GET	/api/profile	undefined
20240314	02:15:24	24831178-0045-413f-91b9-4e5ea1985775	GET	/api/profile	undefined
20240314	02:15:36	8e0f36f0-3de0-4e19-931a-0c4f37a0856c	GET	/api/profile	undefined
20240314	02:15:37	99896a7c-1993-421e-992b-a1cff3ef0279	GET	/api/profile	undefined
20240314	02:15:41	6e2016b9-6b07-467a-ac98-86b910b5ff69	GET	/api/profile	undefined
20240314	02:15:42	7b7006b2-c37a-4ba0-9206-094044a12294	GET	/api/profile	undefined
20240314	02:15:43	118b072f-5b71-4455-a3ba-5cdfd3eabdb1	GET	/api/profile	undefined
20240314	02:15:43	08d2f7b2-46bd-45ac-9db6-0ebc3458d5a6	GET	/api/profile	undefined
20240314	02:15:48	92c6d39b-519d-4c6d-ae62-34df70248b05	GET	/api/profile	undefined
20240314	02:16:03	ba12fcf9-b95f-42d3-9075-431e1be30f79	GET	/api/profile	undefined
20240314	02:16:03	86d3b052-8c9c-48c2-abf7-6d0538c616bb	GET	/api/profile	undefined
20240314	02:16:04	1e3bad26-04f7-46b2-984a-71263ac4503a	GET	/api/profile	undefined
20240314	02:16:04	fb2680dd-4e0e-4d43-b6b9-536e4a4daab6	GET	/api/profile	undefined
20240314	02:16:10	18493dbe-5083-4f53-b4dd-5bc28db73f68	GET	/api/profile	undefined
20240314	02:16:10	5432a7c5-3a8b-4f31-8cbf-2db9bfe625eb	GET	/api/profile	undefined
20240314	02:16:11	84c29339-0e28-4e7e-8924-7536463fcb4d	GET	/api/profile	undefined
20240314	02:16:11	db1d1386-14c5-446b-993f-eef29f1a1965	GET	/api/profile	undefined
20240314	02:16:30	49b94375-e148-4dc6-b347-dabfad34e5b6	GET	/api/profile	undefined
20240314	02:17:22	445f2d3e-6537-497a-9ec3-ae0837516c49	GET	/api/profile	undefined
20240314	02:17:43	58179400-19f5-486f-a9b2-b7049b2c0e4f	GET	/api/profile	undefined
20240314	02:19:33	4911cc4b-2f8c-4d2b-b322-f6d18fd3a9e9	GET	/api/profile	undefined
20240314	02:19:33	37f380dd-24ee-4629-a278-e57ae02ce74b	GET	/api/profile	undefined
20240314	02:19:37	a6bef651-78ab-4d22-a374-7016386600aa	GET	/api/profile	undefined
20240314	02:19:37	3a99fe7e-bad4-482a-9405-da1b9923816d	GET	/api/profile	undefined
20240314	02:19:40	93ab9e9d-87dd-4b53-8443-751668492771	GET	/api/profile	undefined
20240314	02:19:40	b20b958e-fece-4d27-8f29-afaa303454fe	GET	/api/profile	undefined
20240314	02:19:40	7dc86c02-3664-465f-ac26-f8c8521634e1	GET	/api/profile	undefined
20240314	02:21:50	294c14d3-d7e3-459b-9abe-2a0fadc507ba	GET	/	undefined
20240314	02:22:14	d99ae8dd-da7a-4492-8766-5c76d72848bd	GET	/api/profile	undefined
20240314	02:22:14	ab7bde82-e712-4b32-a459-d2d0915d6428	GET	/api/profile	undefined
20240314	02:22:17	29dbf4ca-deea-4aa1-b9cc-e762ddbd5659	GET	/api/profile	undefined
20240314	02:22:17	9e6fb0bf-0f6e-484b-979e-4638280493e4	GET	/api/profile	undefined
20240314	22:27:07	a3a12e44-dd6b-4da7-971e-7f350ae1349d	GET	/api/profile	undefined
20240314	22:27:07	7bdd00ac-2405-4e51-8b19-667622e0e855	GET	/api/profile	undefined
20240314	22:27:35	91ad3519-c6bb-4593-80dd-3555c9cc70c5	GET	/api/profile	undefined
20240314	22:27:42	75a9d9ec-0cac-4b74-a5a1-0f8d75602566	GET	/api/profile	undefined
20240314	22:28:43	ace7412b-b0ef-4d2a-834b-b89c50f05ce7	GET	/api/profile	undefined
20240314	22:30:16	cc259bb8-df8a-4b83-9230-3a59021cee26	GET	/api/profile	undefined
